  KNN.cpp
c:\users\libra\documents\ipn\tt\desarrollo\desarrolloclases\desarrolloclases\knn.cpp(9): warning C4018: '<': signed/unsigned mismatch
c:\users\libra\documents\ipn\tt\desarrollo\desarrolloclases\desarrolloclases\knn.cpp(16): warning C4018: '<': signed/unsigned mismatch
c:\users\libra\documents\ipn\tt\desarrollo\desarrolloclases\desarrolloclases\knn.cpp(25): warning C4018: '<': signed/unsigned mismatch
c:\users\libra\documents\ipn\tt\desarrollo\desarrolloclases\desarrolloclases\knn.cpp(45): warning C4018: '<': signed/unsigned mismatch
c:\users\libra\documents\ipn\tt\desarrollo\desarrolloclases\desarrolloclases\knn.cpp(46): warning C4018: '<': signed/unsigned mismatch
c:\users\libra\documents\ipn\tt\desarrollo\desarrolloclases\desarrolloclases\knn.cpp(48): warning C4018: '<': signed/unsigned mismatch
  main.cpp
c:\users\libra\documents\ipn\tt\desarrollo\desarrolloclases\desarrolloclases\main.cpp(41): warning C4018: '<': signed/unsigned mismatch
c:\users\libra\documents\ipn\tt\desarrollo\desarrolloclases\desarrolloclases\main.cpp(42): warning C4018: '<': signed/unsigned mismatch
c:\users\libra\documents\ipn\tt\desarrollo\desarrolloclases\desarrolloclases\main.cpp(54): warning C4244: '=': conversion from 'unsigned int' to 'float', possible loss of data
c:\users\libra\documents\ipn\tt\desarrollo\desarrolloclases\desarrolloclases\main.cpp(63): warning C4244: 'initializing': conversion from 'float' to 'int', possible loss of data
c:\users\libra\documents\ipn\tt\desarrollo\desarrolloclases\desarrolloclases\main.cpp(63): warning C4018: '<': signed/unsigned mismatch
c:\users\libra\documents\ipn\tt\desarrollo\desarrolloclases\desarrolloclases\main.cpp(68): warning C4018: '<': signed/unsigned mismatch
c:\users\libra\documents\ipn\tt\desarrollo\desarrolloclases\desarrolloclases\main.cpp(72): warning C4018: '<': signed/unsigned mismatch
c:\users\libra\documents\ipn\tt\desarrollo\desarrolloclases\desarrolloclases\main.cpp(75): warning C4244: '=': conversion from 'double' to 'float', possible loss of data
c:\users\libra\documents\ipn\tt\desarrollo\desarrolloclases\desarrolloclases\main.cpp(112): warning C4018: '<': signed/unsigned mismatch
c:\users\libra\documents\ipn\tt\desarrollo\desarrolloclases\desarrolloclases\main.cpp(135): warning C4018: '<': signed/unsigned mismatch
c:\users\libra\documents\ipn\tt\desarrollo\desarrolloclases\desarrolloclases\main.cpp(147): warning C4018: '<': signed/unsigned mismatch
c:\users\libra\documents\ipn\tt\desarrollo\desarrolloclases\desarrolloclases\main.cpp(149): warning C4018: '<': signed/unsigned mismatch
  Generating Code...
  desarrolloClases.vcxproj -> C:\Users\libra\Documents\IPN\TT\desarrollo\desarrolloClases\Debug\desarrolloClases.exe
